TN:
SF:_mocks_/tasks.js
FN:3,(anonymous_0)
FN:8,(anonymous_1)
FN:9,(anonymous_2)
FN:10,(anonymous_3)
FN:14,editTask
FN:16,(anonymous_5)
FN:32,(anonymous_6)
FN:33,(anonymous_7)
FNF:8
FNH:8
FNDA:2,(anonymous_0)
FNDA:2,(anonymous_1)
FNDA:4,(anonymous_2)
FNDA:1,(anonymous_3)
FNDA:1,editTask
FNDA:1,(anonymous_5)
FNDA:1,(anonymous_6)
FNDA:1,(anonymous_7)
DA:1,1
DA:3,1
DA:4,2
DA:5,2
DA:8,1
DA:9,4
DA:10,2
DA:11,2
DA:16,1
DA:19,1
DA:20,1
DA:25,1
DA:29,0
DA:32,1
DA:33,1
DA:35,1
DA:36,1
DA:37,1
DA:40,0
DA:43,1
LF:20
LH:18
BRDA:19,0,0,1
BRDA:19,0,1,0
BRDA:35,1,0,1
BRDA:35,1,1,0
BRF:4
BRH:2
end_of_record
